<?xml version="1.0" encoding="UTF-8"?>
<coverage generated="1704197247669" clover="3.2.0">
  <project timestamp="1704197247669" name="All files">
    <metrics statements="21" coveredstatements="21" conditionals="6" coveredconditionals="6" methods="9" coveredmethods="9" elements="36" coveredelements="36" complexity="0" loc="21" ncloc="21" packages="1" files="3" classes="3"/>
    <file name="Daemon.js" path="C:\Users\dobul\Desktop\ArrayBuffer_Math\src\js\Daemon.js">
      <metrics statements="2" coveredstatements="2" conditionals="0" coveredconditionals="0" methods="1" coveredmethods="1"/>
      <line num="6" count="4" type="stmt"/>
      <line num="7" count="4" type="stmt"/>
    </file>
    <file name="Magician.js" path="C:\Users\dobul\Desktop\ArrayBuffer_Math\src\js\Magician.js">
      <metrics statements="2" coveredstatements="2" conditionals="0" coveredconditionals="0" methods="1" coveredmethods="1"/>
      <line num="6" count="4" type="stmt"/>
      <line num="7" count="4" type="stmt"/>
    </file>
    <file name="character.js" path="C:\Users\dobul\Desktop\ArrayBuffer_Math\src\js\character.js">
      <metrics statements="17" coveredstatements="17" conditionals="6" coveredconditionals="6" methods="7" coveredmethods="7"/>
      <line num="3" count="9" type="cond" truecount="2" falsecount="0"/>
      <line num="4" count="8" type="stmt"/>
      <line num="6" count="1" type="stmt"/>
      <line num="8" count="8" type="stmt"/>
      <line num="9" count="8" type="stmt"/>
      <line num="10" count="8" type="stmt"/>
      <line num="14" count="4" type="stmt"/>
      <line num="18" count="4" type="stmt"/>
      <line num="22" count="4" type="stmt"/>
      <line num="26" count="2" type="stmt"/>
      <line num="30" count="4" type="stmt"/>
      <line num="34" count="6" type="cond" truecount="2" falsecount="0"/>
      <line num="35" count="2" type="stmt"/>
      <line num="37" count="4" type="stmt"/>
      <line num="38" count="4" type="cond" truecount="2" falsecount="0"/>
      <line num="39" count="2" type="stmt"/>
      <line num="41" count="4" type="stmt"/>
    </file>
  </project>
</coverage>
