TN:
SF:src\js\Daemon.js
FN:5,(anonymous_0)
FNF:1
FNH:1
FNDA:4,(anonymous_0)
DA:6,4
DA:7,4
LF:2
LH:2
BRF:0
BRH:0
end_of_record
TN:
SF:src\js\Magician.js
FN:5,(anonymous_0)
FNF:1
FNH:1
FNDA:4,(anonymous_0)
DA:6,4
DA:7,4
LF:2
LH:2
BRF:0
BRH:0
end_of_record
TN:
SF:src\js\character.js
FN:2,(anonymous_0)
FN:13,(anonymous_1)
FN:17,(anonymous_2)
FN:21,(anonymous_3)
FN:25,(anonymous_4)
FN:29,(anonymous_5)
FN:33,(anonymous_6)
FNF:7
FNH:7
FNDA:9,(anonymous_0)
FNDA:4,(anonymous_1)
FNDA:4,(anonymous_2)
FNDA:4,(anonymous_3)
FNDA:2,(anonymous_4)
FNDA:4,(anonymous_5)
FNDA:6,(anonymous_6)
DA:3,9
DA:4,8
DA:6,1
DA:8,8
DA:9,8
DA:10,8
DA:14,4
DA:18,4
DA:22,4
DA:26,2
DA:30,4
DA:34,6
DA:35,2
DA:37,4
DA:38,4
DA:39,2
DA:41,4
LF:17
LH:17
BRDA:3,0,0,8
BRDA:3,0,1,1
BRDA:34,1,0,2
BRDA:34,1,1,4
BRDA:38,2,0,2
BRDA:38,2,1,2
BRF:6
BRH:6
end_of_record
